This file contains any messages produced by compilers while
running configure, to aid debugging if configure makes a mistake.

It was created by llconf configure 0.4.6, which was
generated by GNU Autoconf 2.61.  Invocation command line was

  $ ./configure --prefix=/home/paul/TEMU/shared/llconf-0.4.6/install

## --------- ##
## Platform. ##
## --------- ##

hostname = Artisanal
uname -m = x86_64
uname -r = 3.2.0-23-generic
uname -s = Linux
uname -v = #36-Ubuntu SMP Tue Apr 10 20:39:51 UTC 2012

/usr/bin/uname -p = unknown
/bin/uname -X     = unknown

/bin/arch              = unknown
/usr/bin/arch -k       = unknown
/usr/convex/getsysinfo = unknown
/usr/bin/hostinfo      = unknown
/bin/machine           = unknown
/usr/bin/oslevel       = unknown
/bin/universe          = unknown

PATH: /usr/lib/lightdm/lightdm
PATH: /usr/local/sbin
PATH: /usr/local/bin
PATH: /usr/sbin
PATH: /usr/bin
PATH: /sbin
PATH: /bin
PATH: /usr/games


## ----------- ##
## Core tests. ##
## ----------- ##

configure:1980: checking for a BSD-compatible install
configure:2036: result: /usr/bin/install -c
configure:2047: checking whether build environment is sane
configure:2090: result: yes
configure:2155: checking for gawk
configure:2171: found /usr/bin/gawk
configure:2182: result: gawk
configure:2193: checking whether make sets $(MAKE)
configure:2214: result: yes
configure:2476: checking build system type
configure:2494: result: x86_64-unknown-linux-gnu
configure:2516: checking host system type
configure:2531: result: x86_64-unknown-linux-gnu
configure:2565: checking for style of include used by make
configure:2593: result: GNU
configure:2666: checking for gcc
configure:2682: found /usr/bin/gcc
configure:2693: result: gcc
configure:2931: checking for C compiler version
configure:2938: gcc --version >&5
gcc-4.6.real (Ubuntu/Linaro 4.6.3-1ubuntu5) 4.6.3
Copyright (C) 2011 Free Software Foundation, Inc.
This is free software; see the source for copying conditions.  There is NO
warranty; not even for MERCHANTABILITY or FITNESS FOR A PARTICULAR PURPOSE.

configure:2941: $? = 0
configure:2948: gcc -v >&5
Using built-in specs.
COLLECT_GCC=/usr/bin/gcc-4.6.real
COLLECT_LTO_WRAPPER=/usr/lib/gcc/x86_64-linux-gnu/4.6/lto-wrapper
Target: x86_64-linux-gnu
Configured with: ../src/configure -v --with-pkgversion='Ubuntu/Linaro 4.6.3-1ubuntu5' --with-bugurl=file:///usr/share/doc/gcc-4.6/README.Bugs --enable-languages=c,c++,fortran,objc,obj-c++ --prefix=/usr --program-suffix=-4.6 --enable-shared --enable-linker-build-id --with-system-zlib --libexecdir=/usr/lib --without-included-gettext --enable-threads=posix --with-gxx-include-dir=/usr/include/c++/4.6 --libdir=/usr/lib --enable-nls --with-sysroot=/ --enable-clocale=gnu --enable-libstdcxx-debug --enable-libstdcxx-time=yes --enable-gnu-unique-object --enable-plugin --enable-objc-gc --disable-werror --with-arch-32=i686 --with-tune=generic --enable-checking=release --build=x86_64-linux-gnu --host=x86_64-linux-gnu --target=x86_64-linux-gnu
Thread model: posix
gcc version 4.6.3 (Ubuntu/Linaro 4.6.3-1ubuntu5) 
configure:2951: $? = 0
configure:2958: gcc -V >&5
gcc-4.6.real: error: unrecognized option '-V'
gcc-4.6.real: fatal error: no input files
compilation terminated.
configure:2961: $? = 4
configure:2984: checking for C compiler default output file name
configure:3011: gcc -fPIC   conftest.c  >&5
configure:3014: $? = 0
configure:3052: result: a.out
configure:3069: checking whether the C compiler works
configure:3079: ./a.out
configure:3082: $? = 0
configure:3099: result: yes
configure:3106: checking whether we are cross compiling
configure:3108: result: no
configure:3111: checking for suffix of executables
configure:3118: gcc -o conftest -fPIC   conftest.c  >&5
configure:3121: $? = 0
configure:3145: result: 
configure:3151: checking for suffix of object files
configure:3177: gcc -c -fPIC  conftest.c >&5
configure:3180: $? = 0
configure:3203: result: o
configure:3207: checking whether we are using the GNU C compiler
configure:3236: gcc -c -fPIC  conftest.c >&5
configure:3242: $? = 0
configure:3259: result: yes
configure:3264: checking whether gcc accepts -g
configure:3294: gcc -c -g  conftest.c >&5
configure:3300: $? = 0
configure:3399: result: yes
configure:3416: checking for gcc option to accept ISO C89
configure:3490: gcc  -c -fPIC  conftest.c >&5
configure:3496: $? = 0
configure:3519: result: none needed
configure:3539: checking dependency style of gcc
configure:3629: result: gcc3
configure:3646: checking for a sed that does not truncate output
configure:3702: result: /bin/sed
configure:3705: checking for grep that handles long lines and -e
configure:3779: result: /bin/grep
configure:3784: checking for egrep
configure:3862: result: /bin/grep -E
configure:3878: checking for ld used by gcc
configure:3945: result: /usr/bin/ld
configure:3954: checking if the linker (/usr/bin/ld) is GNU ld
configure:3969: result: yes
configure:3974: checking for /usr/bin/ld option to reload object files
configure:3981: result: -r
configure:3999: checking for BSD-compatible nm
configure:4048: result: /usr/bin/nm -B
configure:4052: checking whether ln -s works
configure:4056: result: yes
configure:4063: checking how to recognize dependent libraries
configure:4249: result: pass_all
configure:4338: gcc -c -fPIC  conftest.c >&5
configure:4341: $? = 0
configure:4490: checking how to run the C preprocessor
configure:4530: gcc -E  conftest.c
configure:4536: $? = 0
configure:4567: gcc -E  conftest.c
conftest.c:10:28: fatal error: ac_nonexistent.h: No such file or directory
compilation terminated.
configure:4573: $? = 1
configure: failed program was:
| /* confdefs.h.  */
| #define PACKAGE_NAME "llconf"
| #define PACKAGE_TARNAME "llconf"
| #define PACKAGE_VERSION "0.4.6"
| #define PACKAGE_STRING "llconf 0.4.6"
| #define PACKAGE_BUGREPORT "<oku@debian.org>"
| #define PACKAGE "llconf"
| #define VERSION "0.4.6"
| /* end confdefs.h.  */
| #include <ac_nonexistent.h>
configure:4606: result: gcc -E
configure:4635: gcc -E  conftest.c
configure:4641: $? = 0
configure:4672: gcc -E  conftest.c
conftest.c:10:28: fatal error: ac_nonexistent.h: No such file or directory
compilation terminated.
configure:4678: $? = 1
configure: failed program was:
| /* confdefs.h.  */
| #define PACKAGE_NAME "llconf"
| #define PACKAGE_TARNAME "llconf"
| #define PACKAGE_VERSION "0.4.6"
| #define PACKAGE_STRING "llconf 0.4.6"
| #define PACKAGE_BUGREPORT "<oku@debian.org>"
| #define PACKAGE "llconf"
| #define VERSION "0.4.6"
| /* end confdefs.h.  */
| #include <ac_nonexistent.h>
configure:4716: checking for ANSI C header files
configure:4746: gcc -c -fPIC  conftest.c >&5
configure:4752: $? = 0
configure:4851: gcc -o conftest -fPIC   conftest.c  >&5
configure:4854: $? = 0
configure:4860: ./conftest
configure:4863: $? = 0
configure:4880: result: yes
configure:4904: checking for sys/types.h
configure:4925: gcc -c -fPIC  conftest.c >&5
configure:4931: $? = 0
configure:4947: result: yes
configure:4904: checking for sys/stat.h
configure:4925: gcc -c -fPIC  conftest.c >&5
configure:4931: $? = 0
configure:4947: result: yes
configure:4904: checking for stdlib.h
configure:4925: gcc -c -fPIC  conftest.c >&5
configure:4931: $? = 0
configure:4947: result: yes
configure:4904: checking for string.h
configure:4925: gcc -c -fPIC  conftest.c >&5
configure:4931: $? = 0
configure:4947: result: yes
configure:4904: checking for memory.h
configure:4925: gcc -c -fPIC  conftest.c >&5
configure:4931: $? = 0
configure:4947: result: yes
configure:4904: checking for strings.h
configure:4925: gcc -c -fPIC  conftest.c >&5
configure:4931: $? = 0
configure:4947: result: yes
configure:4904: checking for inttypes.h
configure:4925: gcc -c -fPIC  conftest.c >&5
configure:4931: $? = 0
configure:4947: result: yes
configure:4904: checking for stdint.h
configure:4925: gcc -c -fPIC  conftest.c >&5
configure:4931: $? = 0
configure:4947: result: yes
configure:4904: checking for unistd.h
configure:4925: gcc -c -fPIC  conftest.c >&5
configure:4931: $? = 0
configure:4947: result: yes
configure:4974: checking dlfcn.h usability
configure:4991: gcc -c -fPIC  conftest.c >&5
configure:4997: $? = 0
configure:5011: result: yes
configure:5015: checking dlfcn.h presence
configure:5030: gcc -E  conftest.c
configure:5036: $? = 0
configure:5050: result: yes
configure:5083: checking for dlfcn.h
configure:5091: result: yes
configure:5162: checking for g++
configure:5178: found /usr/bin/g++
configure:5189: result: g++
configure:5220: checking for C++ compiler version
configure:5227: g++ --version >&5
g++-4.6.real (Ubuntu/Linaro 4.6.3-1ubuntu5) 4.6.3
Copyright (C) 2011 Free Software Foundation, Inc.
This is free software; see the source for copying conditions.  There is NO
warranty; not even for MERCHANTABILITY or FITNESS FOR A PARTICULAR PURPOSE.

configure:5230: $? = 0
configure:5237: g++ -v >&5
Using built-in specs.
COLLECT_GCC=/usr/bin/g++-4.6.real
COLLECT_LTO_WRAPPER=/usr/lib/gcc/x86_64-linux-gnu/4.6/lto-wrapper
Target: x86_64-linux-gnu
Configured with: ../src/configure -v --with-pkgversion='Ubuntu/Linaro 4.6.3-1ubuntu5' --with-bugurl=file:///usr/share/doc/gcc-4.6/README.Bugs --enable-languages=c,c++,fortran,objc,obj-c++ --prefix=/usr --program-suffix=-4.6 --enable-shared --enable-linker-build-id --with-system-zlib --libexecdir=/usr/lib --without-included-gettext --enable-threads=posix --with-gxx-include-dir=/usr/include/c++/4.6 --libdir=/usr/lib --enable-nls --with-sysroot=/ --enable-clocale=gnu --enable-libstdcxx-debug --enable-libstdcxx-time=yes --enable-gnu-unique-object --enable-plugin --enable-objc-gc --disable-werror --with-arch-32=i686 --with-tune=generic --enable-checking=release --build=x86_64-linux-gnu --host=x86_64-linux-gnu --target=x86_64-linux-gnu
Thread model: posix
gcc version 4.6.3 (Ubuntu/Linaro 4.6.3-1ubuntu5) 
configure:5240: $? = 0
configure:5247: g++ -V >&5
g++-4.6.real: error: unrecognized option '-V'
g++-4.6.real: fatal error: no input files
compilation terminated.
configure:5250: $? = 4
configure:5253: checking whether we are using the GNU C++ compiler
configure:5282: g++ -c   conftest.cpp >&5
configure:5288: $? = 0
configure:5305: result: yes
configure:5310: checking whether g++ accepts -g
configure:5340: g++ -c -g  conftest.cpp >&5
configure:5346: $? = 0
configure:5445: result: yes
configure:5470: checking dependency style of g++
configure:5560: result: gcc3
configure:5587: checking how to run the C++ preprocessor
configure:5623: g++ -E  conftest.cpp
configure:5629: $? = 0
configure:5660: g++ -E  conftest.cpp
conftest.cpp:21:28: fatal error: ac_nonexistent.h: No such file or directory
compilation terminated.
configure:5666: $? = 1
configure: failed program was:
| /* confdefs.h.  */
| #define PACKAGE_NAME "llconf"
| #define PACKAGE_TARNAME "llconf"
| #define PACKAGE_VERSION "0.4.6"
| #define PACKAGE_STRING "llconf 0.4.6"
| #define PACKAGE_BUGREPORT "<oku@debian.org>"
| #define PACKAGE "llconf"
| #define VERSION "0.4.6"
| #define STDC_HEADERS 1
| #define HAVE_SYS_TYPES_H 1
| #define HAVE_SYS_STAT_H 1
| #define HAVE_STDLIB_H 1
| #define HAVE_STRING_H 1
| #define HAVE_MEMORY_H 1
| #define HAVE_STRINGS_H 1
| #define HAVE_INTTYPES_H 1
| #define HAVE_STDINT_H 1
| #define HAVE_UNISTD_H 1
| #define HAVE_DLFCN_H 1
| /* end confdefs.h.  */
| #include <ac_nonexistent.h>
configure:5699: result: g++ -E
configure:5728: g++ -E  conftest.cpp
configure:5734: $? = 0
configure:5765: g++ -E  conftest.cpp
conftest.cpp:21:28: fatal error: ac_nonexistent.h: No such file or directory
compilation terminated.
configure:5771: $? = 1
configure: failed program was:
| /* confdefs.h.  */
| #define PACKAGE_NAME "llconf"
| #define PACKAGE_TARNAME "llconf"
| #define PACKAGE_VERSION "0.4.6"
| #define PACKAGE_STRING "llconf 0.4.6"
| #define PACKAGE_BUGREPORT "<oku@debian.org>"
| #define PACKAGE "llconf"
| #define VERSION "0.4.6"
| #define STDC_HEADERS 1
| #define HAVE_SYS_TYPES_H 1
| #define HAVE_SYS_STAT_H 1
| #define HAVE_STDLIB_H 1
| #define HAVE_STRING_H 1
| #define HAVE_MEMORY_H 1
| #define HAVE_STRINGS_H 1
| #define HAVE_INTTYPES_H 1
| #define HAVE_STDINT_H 1
| #define HAVE_UNISTD_H 1
| #define HAVE_DLFCN_H 1
| /* end confdefs.h.  */
| #include <ac_nonexistent.h>
configure:5864: checking for g77
configure:5894: result: no
configure:5864: checking for xlf
configure:5894: result: no
configure:5864: checking for f77
configure:5894: result: no
configure:5864: checking for frt
configure:5894: result: no
configure:5864: checking for pgf77
configure:5894: result: no
configure:5864: checking for cf77
configure:5894: result: no
configure:5864: checking for fort77
configure:5894: result: no
configure:5864: checking for fl32
configure:5894: result: no
configure:5864: checking for af77
configure:5894: result: no
configure:5864: checking for xlf90
configure:5894: result: no
configure:5864: checking for f90
configure:5894: result: no
configure:5864: checking for pgf90
configure:5894: result: no
configure:5864: checking for pghpf
configure:5894: result: no
configure:5864: checking for epcf90
configure:5894: result: no
configure:5864: checking for gfortran
configure:5894: result: no
configure:5864: checking for g95
configure:5894: result: no
configure:5864: checking for xlf95
configure:5894: result: no
configure:5864: checking for f95
configure:5894: result: no
configure:5864: checking for fort
configure:5894: result: no
configure:5864: checking for ifort
configure:5894: result: no
configure:5864: checking for ifc
configure:5894: result: no
configure:5864: checking for efc
configure:5894: result: no
configure:5864: checking for pgf95
configure:5894: result: no
configure:5864: checking for lf95
configure:5894: result: no
configure:5864: checking for ftn
configure:5894: result: no
configure:5921: checking for Fortran 77 compiler version
configure:5928:  --version >&5
./configure: line 5929: --version: command not found
configure:5931: $? = 127
configure:5938:  -v >&5
./configure: line 5939: -v: command not found
configure:5941: $? = 127
configure:5948:  -V >&5
./configure: line 5949: -V: command not found
configure:5951: $? = 127
configure:5959: checking whether we are using the GNU Fortran 77 compiler
configure:5978:  -c  conftest.F >&5
./configure: line 5979: -c: command not found
configure:5984: $? = 127
configure: failed program was:
|       program main
| #ifndef __GNUC__
|        choke me
| #endif
| 
|       end
configure:6001: result: no
configure:6007: checking whether  accepts -g
configure:6024:  -c -g conftest.f >&5
./configure: line 6025: -c: command not found
configure:6030: $? = 127
configure: failed program was:
|       program main
| 
|       end
configure:6046: result: no
configure:6076: checking the maximum length of command line arguments
configure:6188: result: 1572864
configure:6200: checking command to parse /usr/bin/nm -B output from gcc object
configure:6305: gcc -c -fPIC  conftest.c >&5
configure:6308: $? = 0
configure:6312: /usr/bin/nm -B conftest.o \| sed -n -e 's/^.*[ 	]\([ABCDGIRSTW][ABCDGIRSTW]*\)[ 	][ 	]*\([_A-Za-z][_A-Za-z0-9]*\)$/\1 \2 \2/p' \> conftest.nm
configure:6315: $? = 0
configure:6367: gcc -o conftest -fPIC   conftest.c conftstm.o >&5
configure:6370: $? = 0
configure:6408: result: ok
configure:6412: checking for objdir
configure:6427: result: .libs
configure:6519: checking for ar
configure:6535: found /usr/bin/ar
configure:6546: result: ar
configure:6615: checking for ranlib
configure:6631: found /usr/bin/ranlib
configure:6642: result: ranlib
configure:6711: checking for strip
configure:6727: found /usr/bin/strip
configure:6738: result: strip
configure:7024: checking if gcc supports -fno-rtti -fno-exceptions
configure:7042: gcc -c -fPIC  -fno-rtti -fno-exceptions conftest.c >&5
cc1: warning: command line option '-fno-rtti' is valid for C++/ObjC++ but not for C [enabled by default]
configure:7046: $? = 0
configure:7059: result: no
configure:7074: checking for gcc option to produce PIC
configure:7306: result: -fPIC
configure:7314: checking if gcc PIC flag -fPIC works
configure:7332: gcc -c -fPIC  -fPIC -DPIC conftest.c >&5
configure:7336: $? = 0
configure:7349: result: yes
configure:7377: checking if gcc static flag -static works
configure:7405: result: yes
configure:7415: checking if gcc supports -c -o file.o
configure:7436: gcc -c -fPIC  -o out/conftest2.o conftest.c >&5
configure:7440: $? = 0
configure:7462: result: yes
configure:7488: checking whether the gcc linker (/usr/bin/ld -m elf_x86_64) supports shared libraries
configure:8469: result: yes
configure:8490: checking whether -lc should be explicitly linked in
configure:8495: gcc -c -fPIC  conftest.c >&5
configure:8498: $? = 0
configure:8513: gcc -shared conftest.o  -v -Wl,-soname -Wl,conftest -o conftest 2\>\&1 \| grep  -lc  \>/dev/null 2\>\&1
configure:8516: $? = 0
configure:8528: result: no
configure:8536: checking dynamic linker characteristics
configure:9150: result: GNU/Linux ld.so
configure:9159: checking how to hardcode library paths into programs
configure:9184: result: immediate
configure:9198: checking whether stripping libraries is possible
configure:9203: result: yes
configure:10005: checking if libtool supports shared libraries
configure:10007: result: yes
configure:10010: checking whether to build shared libraries
configure:10031: result: yes
configure:10034: checking whether to build static libraries
configure:10038: result: yes
configure:10131: creating libtool
configure:10719: checking for ld used by g++
configure:10786: result: /usr/bin/ld -m elf_x86_64
configure:10795: checking if the linker (/usr/bin/ld -m elf_x86_64) is GNU ld
configure:10810: result: yes
configure:10861: checking whether the g++ linker (/usr/bin/ld -m elf_x86_64) supports shared libraries
configure:11835: result: yes
configure:11853: g++ -c -g -O2  conftest.cpp >&5
configure:11856: $? = 0
configure:12008: checking for g++ option to produce PIC
configure:12292: result: -fPIC
configure:12300: checking if g++ PIC flag -fPIC works
configure:12318: g++ -c -g -O2  -fPIC -DPIC conftest.cpp >&5
configure:12322: $? = 0
configure:12335: result: yes
configure:12363: checking if g++ static flag -static works
configure:12391: result: yes
configure:12401: checking if g++ supports -c -o file.o
configure:12422: g++ -c -g -O2  -o out/conftest2.o conftest.cpp >&5
configure:12426: $? = 0
configure:12448: result: yes
configure:12474: checking whether the g++ linker (/usr/bin/ld -m elf_x86_64) supports shared libraries
configure:12502: result: yes
configure:12569: checking dynamic linker characteristics
configure:13131: result: GNU/Linux ld.so
configure:13140: checking how to hardcode library paths into programs
configure:13165: result: immediate
configure:19412: checking for gcc
configure:19439: result: gcc
configure:19677: checking for C compiler version
configure:19684: gcc --version >&5
gcc-4.6.real (Ubuntu/Linaro 4.6.3-1ubuntu5) 4.6.3
Copyright (C) 2011 Free Software Foundation, Inc.
This is free software; see the source for copying conditions.  There is NO
warranty; not even for MERCHANTABILITY or FITNESS FOR A PARTICULAR PURPOSE.

configure:19687: $? = 0
configure:19694: gcc -v >&5
Using built-in specs.
COLLECT_GCC=/usr/bin/gcc-4.6.real
COLLECT_LTO_WRAPPER=/usr/lib/gcc/x86_64-linux-gnu/4.6/lto-wrapper
Target: x86_64-linux-gnu
Configured with: ../src/configure -v --with-pkgversion='Ubuntu/Linaro 4.6.3-1ubuntu5' --with-bugurl=file:///usr/share/doc/gcc-4.6/README.Bugs --enable-languages=c,c++,fortran,objc,obj-c++ --prefix=/usr --program-suffix=-4.6 --enable-shared --enable-linker-build-id --with-system-zlib --libexecdir=/usr/lib --without-included-gettext --enable-threads=posix --with-gxx-include-dir=/usr/include/c++/4.6 --libdir=/usr/lib --enable-nls --with-sysroot=/ --enable-clocale=gnu --enable-libstdcxx-debug --enable-libstdcxx-time=yes --enable-gnu-unique-object --enable-plugin --enable-objc-gc --disable-werror --with-arch-32=i686 --with-tune=generic --enable-checking=release --build=x86_64-linux-gnu --host=x86_64-linux-gnu --target=x86_64-linux-gnu
Thread model: posix
gcc version 4.6.3 (Ubuntu/Linaro 4.6.3-1ubuntu5) 
configure:19697: $? = 0
configure:19704: gcc -V >&5
gcc-4.6.real: error: unrecognized option '-V'
gcc-4.6.real: fatal error: no input files
compilation terminated.
configure:19707: $? = 4
configure:19710: checking whether we are using the GNU C compiler
configure:19762: result: yes
configure:19767: checking whether gcc accepts -g
configure:19902: result: yes
configure:19919: checking for gcc option to accept ISO C89
configure:20022: result: none needed
configure:20042: checking dependency style of gcc
configure:20132: result: gcc3
configure:20153: checking for ANSI C header files
configure:20317: result: yes
configure:20334: checking for stdlib.h
configure:20340: result: yes
configure:20334: checking for string.h
configure:20340: result: yes
configure:20334: checking for unistd.h
configure:20340: result: yes
configure:20476: checking for an ANSI C-conforming const
configure:20551: gcc -c -fPIC  conftest.c >&5
configure:20557: $? = 0
configure:20572: result: yes
configure:20589: checking for stdlib.h
configure:20595: result: yes
configure:20729: checking for GNU libc compatible malloc
configure:20763: gcc -o conftest -fPIC   conftest.c  >&5
configure:20766: $? = 0
configure:20772: ./conftest
configure:20775: $? = 0
configure:20791: result: yes
configure:20825: checking for memset
configure:20881: gcc -o conftest -fPIC   conftest.c  >&5
conftest.c:50:6: warning: conflicting types for built-in function 'memset' [enabled by default]
configure:20887: $? = 0
configure:20905: result: yes
configure:20825: checking for strdup
configure:20881: gcc -o conftest -fPIC   conftest.c  >&5
conftest.c:51:6: warning: conflicting types for built-in function 'strdup' [enabled by default]
configure:20887: $? = 0
configure:20905: result: yes
configure:20825: checking for strerror
configure:20881: gcc -o conftest -fPIC   conftest.c  >&5
configure:20887: $? = 0
configure:20905: result: yes
configure:21045: creating ./config.status

## ---------------------- ##
## Running config.status. ##
## ---------------------- ##

This file was extended by llconf config.status 0.4.6, which was
generated by GNU Autoconf 2.61.  Invocation command line was

  CONFIG_FILES    = 
  CONFIG_HEADERS  = 
  CONFIG_LINKS    = 
  CONFIG_COMMANDS = 
  $ ./config.status 

on Artisanal

config.status:666: creating Makefile
config.status:801: WARNING:  Makefile.in seems to ignore the --datarootdir setting
config.status:666: creating llconf.pc
config.status:666: creating src/Makefile
config.status:801: WARNING:  src/Makefile.in seems to ignore the --datarootdir setting
config.status:666: creating src/parsers/Makefile
config.status:801: WARNING:  src/parsers/Makefile.in seems to ignore the --datarootdir setting
config.status:666: creating examples/Makefile
config.status:801: WARNING:  examples/Makefile.in seems to ignore the --datarootdir setting
config.status:666: creating doc/Makefile
config.status:801: WARNING:  doc/Makefile.in seems to ignore the --datarootdir setting
config.status:666: creating debian/Makefile
config.status:801: WARNING:  debian/Makefile.in seems to ignore the --datarootdir setting
config.status:666: creating config.h
config.status:942: executing depfiles commands

## ---------------- ##
## Cache variables. ##
## ---------------- ##

ac_cv_build=x86_64-unknown-linux-gnu
ac_cv_c_compiler_gnu=yes
ac_cv_c_const=yes
ac_cv_cxx_compiler_gnu=yes
ac_cv_env_CCC_set=
ac_cv_env_CCC_value=
ac_cv_env_CC_set=
ac_cv_env_CC_value=
ac_cv_env_CFLAGS_set=set
ac_cv_env_CFLAGS_value=-fPIC
ac_cv_env_CPPFLAGS_set=
ac_cv_env_CPPFLAGS_value=
ac_cv_env_CPP_set=
ac_cv_env_CPP_value=
ac_cv_env_CXXCPP_set=
ac_cv_env_CXXCPP_value=
ac_cv_env_CXXFLAGS_set=
ac_cv_env_CXXFLAGS_value=
ac_cv_env_CXX_set=
ac_cv_env_CXX_value=
ac_cv_env_F77_set=
ac_cv_env_F77_value=
ac_cv_env_FFLAGS_set=
ac_cv_env_FFLAGS_value=
ac_cv_env_LDFLAGS_set=
ac_cv_env_LDFLAGS_value=
ac_cv_env_LIBS_set=
ac_cv_env_LIBS_value=
ac_cv_env_build_alias_set=
ac_cv_env_build_alias_value=
ac_cv_env_host_alias_set=
ac_cv_env_host_alias_value=
ac_cv_env_target_alias_set=
ac_cv_env_target_alias_value=
ac_cv_f77_compiler_gnu=no
ac_cv_func_malloc_0_nonnull=yes
ac_cv_func_memset=yes
ac_cv_func_strdup=yes
ac_cv_func_strerror=yes
ac_cv_header_dlfcn_h=yes
ac_cv_header_inttypes_h=yes
ac_cv_header_memory_h=yes
ac_cv_header_stdc=yes
ac_cv_header_stdint_h=yes
ac_cv_header_stdlib_h=yes
ac_cv_header_string_h=yes
ac_cv_header_strings_h=yes
ac_cv_header_sys_stat_h=yes
ac_cv_header_sys_types_h=yes
ac_cv_header_unistd_h=yes
ac_cv_host=x86_64-unknown-linux-gnu
ac_cv_objext=o
ac_cv_path_EGREP='/bin/grep -E'
ac_cv_path_GREP=/bin/grep
ac_cv_path_install='/usr/bin/install -c'
ac_cv_prog_AWK=gawk
ac_cv_prog_CPP='gcc -E'
ac_cv_prog_CXXCPP='g++ -E'
ac_cv_prog_ac_ct_AR=ar
ac_cv_prog_ac_ct_CC=gcc
ac_cv_prog_ac_ct_CXX=g++
ac_cv_prog_ac_ct_RANLIB=ranlib
ac_cv_prog_ac_ct_STRIP=strip
ac_cv_prog_cc_c89=
ac_cv_prog_cc_g=yes
ac_cv_prog_cxx_g=yes
ac_cv_prog_f77_g=no
ac_cv_prog_make_make_set=yes
am_cv_CC_dependencies_compiler_type=gcc3
am_cv_CXX_dependencies_compiler_type=gcc3
lt_cv_deplibs_check_method=pass_all
lt_cv_file_magic_cmd='$MAGIC_CMD'
lt_cv_file_magic_test_file=
lt_cv_ld_reload_flag=-r
lt_cv_objdir=.libs
lt_cv_path_LD=/usr/bin/ld
lt_cv_path_LDCXX='/usr/bin/ld -m elf_x86_64'
lt_cv_path_NM='/usr/bin/nm -B'
lt_cv_path_SED=/bin/sed
lt_cv_prog_compiler_c_o=yes
lt_cv_prog_compiler_c_o_CXX=yes
lt_cv_prog_compiler_rtti_exceptions=no
lt_cv_prog_gnu_ld=yes
lt_cv_prog_gnu_ldcxx=yes
lt_cv_sys_global_symbol_pipe='sed -n -e '\''s/^.*[ 	]\([ABCDGIRSTW][ABCDGIRSTW]*\)[ 	][ 	]*\([_A-Za-z][_A-Za-z0-9]*\)$/\1 \2 \2/p'\'''
lt_cv_sys_global_symbol_to_c_name_address='sed -n -e '\''s/^: \([^ ]*\) $/  {\"\1\", (lt_ptr) 0},/p'\'' -e '\''s/^[BCDEGRST] \([^ ]*\) \([^ ]*\)$/  {"\2", (lt_ptr) \&\2},/p'\'''
lt_cv_sys_global_symbol_to_cdecl='sed -n -e '\''s/^. .* \(.*\)$/extern int \1;/p'\'''
lt_cv_sys_max_cmd_len=1572864
lt_lt_cv_prog_compiler_c_o='"yes"'
lt_lt_cv_prog_compiler_c_o_CXX='"yes"'
lt_lt_cv_sys_global_symbol_pipe='"sed -n -e '\''s/^.*[ 	]\\([ABCDGIRSTW][ABCDGIRSTW]*\\)[ 	][ 	]*\\([_A-Za-z][_A-Za-z0-9]*\\)\$/\\1 \\2 \\2/p'\''"'
lt_lt_cv_sys_global_symbol_to_c_name_address='"sed -n -e '\''s/^: \\([^ ]*\\) \$/  {\\\"\\1\\\", (lt_ptr) 0},/p'\'' -e '\''s/^[BCDEGRST] \\([^ ]*\\) \\([^ ]*\\)\$/  {\"\\2\", (lt_ptr) \\&\\2},/p'\''"'
lt_lt_cv_sys_global_symbol_to_cdecl='"sed -n -e '\''s/^. .* \\(.*\\)\$/extern int \\1;/p'\''"'

## ----------------- ##
## Output variables. ##
## ----------------- ##

ACLOCAL='${SHELL} /home/paul/TEMU/shared/llconf-0.4.6/missing --run aclocal-1.9'
AMDEPBACKSLASH='\'
AMDEP_FALSE='#'
AMDEP_TRUE=''
AMTAR='${SHELL} /home/paul/TEMU/shared/llconf-0.4.6/missing --run tar'
AR='ar'
AUTOCONF='${SHELL} /home/paul/TEMU/shared/llconf-0.4.6/missing --run autoconf'
AUTOHEADER='${SHELL} /home/paul/TEMU/shared/llconf-0.4.6/missing --run autoheader'
AUTOMAKE='${SHELL} /home/paul/TEMU/shared/llconf-0.4.6/missing --run automake-1.9'
AWK='gawk'
CC='gcc'
CCDEPMODE='depmode=gcc3'
CFLAGS='-fPIC'
CPP='gcc -E'
CPPFLAGS=''
CXX='g++'
CXXCPP='g++ -E'
CXXDEPMODE='depmode=gcc3'
CXXFLAGS='-g -O2'
CYGPATH_W='echo'
DEFS='-DHAVE_CONFIG_H'
DEPDIR='.deps'
ECHO='echo'
ECHO_C=''
ECHO_N='-n'
ECHO_T=''
EGREP='/bin/grep -E'
EXEEXT=''
F77=''
FFLAGS=''
GREP='/bin/grep'
INSTALL_DATA='${INSTALL} -m 644'
INSTALL_PROGRAM='${INSTALL}'
INSTALL_SCRIPT='${INSTALL}'
INSTALL_STRIP_PROGRAM='${SHELL} $(install_sh) -c -s'
LDFLAGS=''
LIBOBJS=''
LIBS=''
LIBTOOL='$(SHELL) $(top_builddir)/libtool'
LN_S='ln -s'
LTLIBOBJS=''
MAKEINFO='${SHELL} /home/paul/TEMU/shared/llconf-0.4.6/missing --run makeinfo'
OBJEXT='o'
PACKAGE='llconf'
PACKAGE_BUGREPORT='<oku@debian.org>'
PACKAGE_NAME='llconf'
PACKAGE_STRING='llconf 0.4.6'
PACKAGE_TARNAME='llconf'
PACKAGE_VERSION='0.4.6'
PATH_SEPARATOR=':'
RANLIB='ranlib'
SED='/bin/sed'
SET_MAKE=''
SHELL='/bin/bash'
STRIP='strip'
VERSION='0.4.6'
ac_ct_CC='gcc'
ac_ct_CXX='g++'
ac_ct_F77=''
am__fastdepCC_FALSE='#'
am__fastdepCC_TRUE=''
am__fastdepCXX_FALSE='#'
am__fastdepCXX_TRUE=''
am__include='include'
am__leading_dot='.'
am__quote=''
am__tar='${AMTAR} chof - "$$tardir"'
am__untar='${AMTAR} xf -'
bindir='${exec_prefix}/bin'
build='x86_64-unknown-linux-gnu'
build_alias=''
build_cpu='x86_64'
build_os='linux-gnu'
build_vendor='unknown'
datadir='${datarootdir}'
datarootdir='${prefix}/share'
docdir='${datarootdir}/doc/${PACKAGE_TARNAME}'
dvidir='${docdir}'
exec_prefix='${prefix}'
host='x86_64-unknown-linux-gnu'
host_alias=''
host_cpu='x86_64'
host_os='linux-gnu'
host_vendor='unknown'
htmldir='${docdir}'
includedir='${prefix}/include'
infodir='${datarootdir}/info'
install_sh='/home/paul/TEMU/shared/llconf-0.4.6/install-sh'
libdir='${exec_prefix}/lib'
libexecdir='${exec_prefix}/libexec'
localedir='${datarootdir}/locale'
localstatedir='${prefix}/var'
mandir='${datarootdir}/man'
mkdir_p='mkdir -p --'
oldincludedir='/usr/include'
pdfdir='${docdir}'
prefix='/home/paul/TEMU/shared/llconf-0.4.6/install'
program_transform_name='s,x,x,'
psdir='${docdir}'
sbindir='${exec_prefix}/sbin'
sharedstatedir='${prefix}/com'
sysconfdir='${prefix}/etc'
target_alias=''

## ----------- ##
## confdefs.h. ##
## ----------- ##

#define PACKAGE_NAME "llconf"
#define PACKAGE_TARNAME "llconf"
#define PACKAGE_VERSION "0.4.6"
#define PACKAGE_STRING "llconf 0.4.6"
#define PACKAGE_BUGREPORT "<oku@debian.org>"
#define PACKAGE "llconf"
#define VERSION "0.4.6"
#define STDC_HEADERS 1
#define HAVE_SYS_TYPES_H 1
#define HAVE_SYS_STAT_H 1
#define HAVE_STDLIB_H 1
#define HAVE_STRING_H 1
#define HAVE_MEMORY_H 1
#define HAVE_STRINGS_H 1
#define HAVE_INTTYPES_H 1
#define HAVE_STDINT_H 1
#define HAVE_UNISTD_H 1
#define HAVE_DLFCN_H 1
#define STDC_HEADERS 1
#define HAVE_STDLIB_H 1
#define HAVE_STRING_H 1
#define HAVE_UNISTD_H 1
#define HAVE_STDLIB_H 1
#define HAVE_MALLOC 1
#define HAVE_MEMSET 1
#define HAVE_STRDUP 1
#define HAVE_STRERROR 1

configure: exit 0
